タイムスタンプ	ファイル名	エラー	メッセージ
2019-01-01 23:49:41.603 +0900	百名山.fmp12	0	インポート処理が開始されました
2019-01-01 23:56:48.639 +0900	百名山.fmp12	0	インポート処理が確定されました
2019-01-01 23:56:48.641 +0900	百名山.fmp12	0	==================================================================
2019-01-02 00:04:52.689 +0900	百名山.fmp12	0	インポート処理が開始されました
2019-01-02 00:04:52.691 +0900	百名山.fmp12	0	クリップボードからの テーブル のインポートを開始しました
2019-01-02 00:04:52.695 +0900	百名山.fmp12	0	テーブル「花」は、「花 2」としてインポートされました。「花」というテーブルまたはテーブルオカレンスはすでに存在します。
2019-01-02 00:04:52.703 +0900	花 2	0	インポート済みフィールド: 8
2019-01-02 00:04:52.703 +0900	百名山.fmp12	0	インポート済みテーブル: 1
2019-01-02 00:04:52.703 +0900	百名山.fmp12	0	インポートが完了しました
2019-01-02 00:11:18.623 +0900	百名山.fmp12	0	クリップボードからの テーブル のインポートを開始しました
2019-01-02 00:11:18.625 +0900	百名山.fmp12	0	テーブル「百」は、「百 2」としてインポートされました。「百」というテーブルまたはテーブルオカレンスはすでに存在します。
2019-01-02 00:11:18.632 +0900	百 2	0	インポート済みフィールド: 8
2019-01-02 00:11:18.633 +0900	百名山.fmp12	0	インポート済みテーブル: 1
2019-01-02 00:11:18.633 +0900	百名山.fmp12	0	インポートが完了しました
2019-01-02 00:11:33.792 +0900	百名山.fmp12	0	クリップボードからの テーブル のインポートを開始しました
2019-01-02 00:11:33.794 +0900	百名山.fmp12	0	テーブル「花」は、「花 2」としてインポートされました。「花」というテーブルまたはテーブルオカレンスはすでに存在します。
2019-01-02 00:11:33.803 +0900	花 2	0	インポート済みフィールド: 8
2019-01-02 00:11:33.803 +0900	百名山.fmp12	0	インポート済みテーブル: 1
2019-01-02 00:11:33.804 +0900	百名山.fmp12	0	インポートが完了しました
2019-01-02 00:12:20.829 +0900	百名山.fmp12	0	インポート処理が確定されました
2019-01-02 00:12:20.830 +0900	百名山.fmp12	0	==================================================================
